Using pre-set license
Built from '2020.3/staging' branch; Version is '2020.3.22f1 (e1a7f79fd887) revision 14788599'; Using compiler version '192528614'; Build Type 'Release'
OS: 'Windows 10 Home; OS build 19043.1348; Version 2009; 64bit' Language: 'pl' Physical Memory: 7832 MB
BatchMode: 1, IsHumanControllingUs: 0, StartBugReporterOnCrash: 0, Is64bit: 1, IsPro: 0

COMMAND LINE ARGUMENTS:
C:\Program Files\Unity\Hub\Editor\2020.3.22f1\Editor\Unity.exe
-adb2
-batchMode
-noUpm
-name
AssetImportWorker0
-projectPath
D:/SRWKubis
-logFile
Logs/AssetImportWorker0.log
-srvPort
56089
Successfully changed project path to: D:/SRWKubis
D:/SRWKubis
Using Asset Import Pipeline V2.
Refreshing native plugins compatible for Editor in 38.56 ms, found 2 plugins.
Preloading 0 native plugins for Editor in 0.00 ms.
Initialize engine version: 2020.3.22f1 (e1a7f79fd887)
[Subsystems] Discovering subsystems at path C:/Program Files/Unity/Hub/Editor/2020.3.22f1/Editor/Data/Resources/UnitySubsystems
[Subsystems] Discovering subsystems at path D:/SRWKubis/Assets
GfxDevice: creating device client; threaded=0
Direct3D:
    Version:  Direct3D 11.0 [level 11.1]
    Renderer: NVIDIA GeForce GTX 1050 Ti (ID=0x1c8c)
    Vendor:   
    VRAM:     4018 MB
    Driver:   30.0.14.9676
Initialize mono
Mono path[0] = 'C:/Program Files/Unity/Hub/Editor/2020.3.22f1/Editor/Data/Managed'
Mono path[1] = 'C:/Program Files/Unity/Hub/Editor/2020.3.22f1/Editor/Data/MonoBleedingEdge/lib/mono/unityjit'
Mono config path = 'C:/Program Files/Unity/Hub/Editor/2020.3.22f1/Editor/Data/MonoBleedingEdge/etc'
Using monoOptions --debugger-agent=transport=dt_socket,embedding=1,server=y,suspend=n,address=127.0.0.1:56156
Begin MonoManager ReloadAssembly
Registering precompiled unity dll's ...
Register platform support module: C:/Program Files/Unity/Hub/Editor/2020.3.22f1/Editor/Data/PlaybackEngines/WindowsStandaloneSupport/UnityEditor.WindowsStandalone.Extensions.dll
Registered in 0.002130 seconds.
Native extension for WindowsStandalone target not found
Refreshing native plugins compatible for Editor in 38.67 ms, found 2 plugins.
Preloading 0 native plugins for Editor in 0.00 ms.
Mono: successfully reloaded assembly
- Completed reload, in  1.396 seconds
Domain Reload Profiling:
	ReloadAssembly (1396ms)
		BeginReloadAssembly (68ms)
			ExecutionOrderSort (0ms)
			DisableScriptedObjects (0ms)
			BackupInstance (0ms)
			ReleaseScriptingObjects (0ms)
			CreateAndSetChildDomain (1ms)
		EndReloadAssembly (589ms)
			LoadAssemblies (65ms)
			RebuildTransferFunctionScriptingTraits (0ms)
			SetupTypeCache (225ms)
			ReleaseScriptCaches (0ms)
			RebuildScriptCaches (41ms)
			SetupLoadedEditorAssemblies (197ms)
				LogAssemblyErrors (0ms)
				InitializePlatformSupportModulesInManaged (6ms)
				SetLoadedEditorAssemblies (1ms)
				RefreshPlugins (39ms)
				BeforeProcessingInitializeOnLoad (10ms)
				ProcessInitializeOnLoadAttributes (106ms)
				ProcessInitializeOnLoadMethodAttributes (36ms)
				AfterProcessingInitializeOnLoad (0ms)
				EditorAssembliesLoaded (0ms)
			ExecutionOrderSort2 (0ms)
			AwakeInstancesAfterBackupRestoration (0ms)
Platform modules already initialized, skipping
Registering precompiled user dll's ...
Registered in 0.005656 seconds.
Begin MonoManager ReloadAssembly
Native extension for WindowsStandalone target not found
Refreshing native plugins compatible for Editor in 0.40 ms, found 2 plugins.
Preloading 0 native plugins for Editor in 0.00 ms.
Mono: successfully reloaded assembly
- Completed reload, in  1.374 seconds
Domain Reload Profiling:
	ReloadAssembly (1375ms)
		BeginReloadAssembly (196ms)
			ExecutionOrderSort (0ms)
			DisableScriptedObjects (7ms)
			BackupInstance (0ms)
			ReleaseScriptingObjects (0ms)
			CreateAndSetChildDomain (24ms)
		EndReloadAssembly (1097ms)
			LoadAssemblies (114ms)
			RebuildTransferFunctionScriptingTraits (0ms)
			SetupTypeCache (355ms)
			ReleaseScriptCaches (1ms)
			RebuildScriptCaches (52ms)
			SetupLoadedEditorAssemblies (469ms)
				LogAssemblyErrors (0ms)
				InitializePlatformSupportModulesInManaged (6ms)
				SetLoadedEditorAssemblies (0ms)
				RefreshPlugins (0ms)
				BeforeProcessingInitializeOnLoad (67ms)
				ProcessInitializeOnLoadAttributes (372ms)
				ProcessInitializeOnLoadMethodAttributes (14ms)
				AfterProcessingInitializeOnLoad (8ms)
				EditorAssembliesLoaded (0ms)
			ExecutionOrderSort2 (0ms)
			AwakeInstancesAfterBackupRestoration (8ms)
Platform modules already initialized, skipping
========================================================================
Worker process is ready to serve import requests
Launched and connected shader compiler UnityShaderCompiler.exe after 0.13 seconds
Refreshing native plugins compatible for Editor in 0.43 ms, found 2 plugins.
Preloading 0 native plugins for Editor in 0.00 ms.
Unloading 1498 Unused Serialized files (Serialized files now loaded: 0)
System memory in use before: 70.4 MB.
System memory in use after: 70.4 MB.

Unloading 19 unused Assets to reduce memory usage. Loaded Objects now: 1935.
Total: 3.302600 ms (FindLiveObjects: 0.186800 ms CreateObjectMapping: 0.048400 ms MarkObjects: 2.953800 ms  DeleteObjects: 0.112700 ms)

AssetImportParameters requested are different than current active one (requested -> active):
  custom:framework-win-MediaFoundation: 216162199b28c13a410421893ffa2e32 -> 
  custom:video-decoder-ogg-theora: a1e56fd34408186e4bbccfd4996cb3dc -> 
  custom:container-muxer-webm: aa71ff27fc2769a1b78a27578f13a17b -> 
  custom:container-demuxer-webm: 4f35f7cbe854078d1ac9338744f61a02 -> 
  custom:container-demuxer-ogg: 62fdf1f143b41e24485cea50d1cbac27 -> 
  custom:video-encoder-webm-vp8: eb34c28f22e8b96e1ab97ce403110664 -> 
  custom:video-decoder-webm-vp8: 9c59270c3fd7afecdb556c50c9e8de78 -> 
  custom:audio-decoder-ogg-vorbis: bf7c407c2cedff20999df2af8eb42d56 -> 
  custom:audio-encoder-webm-vorbis: bf7c407c2cedff20999df2af8eb42d56 -> 
========================================================================
Received Import Request.
  path: Assets/ADG_Textures/walls_vol1/wall08/wall08.mat
  artifactKey: Guid(48957feba398b3146bb5b1493df5403e) Importer(815301076,1909f56bfc062723c751e8b465ee728b)
Start importing Assets/ADG_Textures/walls_vol1/wall08/wall08.mat using Guid(48957feba398b3146bb5b1493df5403e) Importer(815301076,1909f56bfc062723c751e8b465ee728b)  -> (artifact id: 'ac951528858047e89e6c1c9eb0463f17') in 0.255139 seconds 
  Import took 0.265647 seconds .

========================================================================
Received Import Request.
  Time since last request: 0.000419 seconds.
  path: Assets/ADG_Textures/walls_vol1/wall07/wall07.mat
  artifactKey: Guid(b2aa31d8fe3745747a4b0fd95bfaf2c4) Importer(815301076,1909f56bfc062723c751e8b465ee728b)
Start importing Assets/ADG_Textures/walls_vol1/wall07/wall07.mat using Guid(b2aa31d8fe3745747a4b0fd95bfaf2c4) Importer(815301076,1909f56bfc062723c751e8b465ee728b)  -> (artifact id: '31f8357705a6dacb1a60da9c53eed6e5') in 0.122437 seconds 
  Import took 0.125726 seconds .

========================================================================
Received Import Request.
  Time since last request: 0.000320 seconds.
  path: Assets/ADG_Textures/walls_vol1/wall10/wall10.mat
  artifactKey: Guid(ce2bc60dd9a7e964daaaff36d79fbfdf) Importer(815301076,1909f56bfc062723c751e8b465ee728b)
Start importing Assets/ADG_Textures/walls_vol1/wall10/wall10.mat using Guid(ce2bc60dd9a7e964daaaff36d79fbfdf) Importer(815301076,1909f56bfc062723c751e8b465ee728b)  -> (artifact id: '76d7d4e63e8b6cea8390cd42e0c00cee') in 0.126762 seconds 
  Import took 0.130853 seconds .

========================================================================
Received Import Request.
  Time since last request: 0.000253 seconds.
  path: Assets/ADG_Textures/walls_vol1/wall04/wall04b.mat
  artifactKey: Guid(f1a8571c3ef3f4d46bbdfb8b2ecdec74) Importer(815301076,1909f56bfc062723c751e8b465ee728b)
Start importing Assets/ADG_Textures/walls_vol1/wall04/wall04b.mat using Guid(f1a8571c3ef3f4d46bbdfb8b2ecdec74) Importer(815301076,1909f56bfc062723c751e8b465ee728b)  -> (artifact id: '8374c7d9254f68cf014601694e3b658a') in 0.141075 seconds 
  Import took 0.156113 seconds .

========================================================================
Received Import Request.
  Time since last request: 0.000329 seconds.
  path: Assets/ADG_Textures/walls_vol1/wall09/wall09.mat
  artifactKey: Guid(1e23b2d236a58f040968acd05c361bce) Importer(815301076,1909f56bfc062723c751e8b465ee728b)
Start importing Assets/ADG_Textures/walls_vol1/wall09/wall09.mat using Guid(1e23b2d236a58f040968acd05c361bce) Importer(815301076,1909f56bfc062723c751e8b465ee728b)  -> (artifact id: '50ae18a5ebb447093c6d3156a55fc3ed') in 0.119125 seconds 
  Import took 0.143665 seconds .

========================================================================
Received Import Request.
  Time since last request: 0.000618 seconds.
  path: Assets/ADG_Textures/walls_vol1/wall04/wall04.mat
  artifactKey: Guid(b7efee39c51e1c94f9e535a8e6edb43b) Importer(815301076,1909f56bfc062723c751e8b465ee728b)
Start importing Assets/ADG_Textures/walls_vol1/wall04/wall04.mat using Guid(b7efee39c51e1c94f9e535a8e6edb43b) Importer(815301076,1909f56bfc062723c751e8b465ee728b)  -> (artifact id: 'de6af7d757c69ce94799127ba020ffe2') in 0.024228 seconds 
  Import took 0.039937 seconds .

========================================================================
Received Import Request.
  Time since last request: 0.000332 seconds.
  path: Assets/ADG_Textures/walls_vol1/wall08/wall08b.mat
  artifactKey: Guid(3302d8980be2b5742b574a2509d9e6b7) Importer(815301076,1909f56bfc062723c751e8b465ee728b)
Start importing Assets/ADG_Textures/walls_vol1/wall08/wall08b.mat using Guid(3302d8980be2b5742b574a2509d9e6b7) Importer(815301076,1909f56bfc062723c751e8b465ee728b)  -> (artifact id: '876d0d4e29f8656ba2310c5163790083') in 0.140446 seconds 
  Import took 0.185668 seconds .

========================================================================
Received Import Request.
  Time since last request: 0.000290 seconds.
  path: Assets/ADG_Textures/walls_vol1/wall06/wall06.mat
  artifactKey: Guid(ab68e0201be44534493089b3dd1e4050) Importer(815301076,1909f56bfc062723c751e8b465ee728b)
Start importing Assets/ADG_Textures/walls_vol1/wall06/wall06.mat using Guid(ab68e0201be44534493089b3dd1e4050) Importer(815301076,1909f56bfc062723c751e8b465ee728b)  -> (artifact id: 'a92948500af6b0b3efbf93b032b25b72') in 0.093647 seconds 
  Import took 0.100504 seconds .

========================================================================
Received Import Request.
  Time since last request: 0.000301 seconds.
  path: Assets/ADG_Textures/walls_vol1/wall09/wall09b.mat
  artifactKey: Guid(59cf63250acfc334288c35253c616d40) Importer(815301076,1909f56bfc062723c751e8b465ee728b)
Start importing Assets/ADG_Textures/walls_vol1/wall09/wall09b.mat using Guid(59cf63250acfc334288c35253c616d40) Importer(815301076,1909f56bfc062723c751e8b465ee728b)  -> (artifact id: 'ef1e793b3ccbf2863e52e815aad3787b') in 0.046681 seconds 
  Import took 0.051781 seconds .

========================================================================
Received Import Request.
  Time since last request: 0.000437 seconds.
  path: Assets/ADG_Textures/walls_vol1/wall06/wall06b.mat
  artifactKey: Guid(6077e4f498f74ac48ad21c2bead7fd35) Importer(815301076,1909f56bfc062723c751e8b465ee728b)
Start importing Assets/ADG_Textures/walls_vol1/wall06/wall06b.mat using Guid(6077e4f498f74ac48ad21c2bead7fd35) Importer(815301076,1909f56bfc062723c751e8b465ee728b)  -> (artifact id: '1c209c1903bf6b88bf13e66b982af723') in 0.071248 seconds 
  Import took 0.077886 seconds .

========================================================================
Received Import Request.
  Time since last request: 0.000305 seconds.
  path: Assets/ADG_Textures/walls_vol1/wall02/wall02b.mat
  artifactKey: Guid(ca21afdde49d342408e91ab722a0415c) Importer(815301076,1909f56bfc062723c751e8b465ee728b)
Start importing Assets/ADG_Textures/walls_vol1/wall02/wall02b.mat using Guid(ca21afdde49d342408e91ab722a0415c) Importer(815301076,1909f56bfc062723c751e8b465ee728b)  -> (artifact id: '8c62e79ae1b245d52330f0ac23d1470f') in 0.160211 seconds 
  Import took 0.182346 seconds .

========================================================================
Received Import Request.
  Time since last request: 0.000315 seconds.
  path: Assets/ADG_Textures/walls_vol1/wall07/wall07b.mat
  artifactKey: Guid(d3b1829a6d5883c40bc3bbce8b2ba6ed) Importer(815301076,1909f56bfc062723c751e8b465ee728b)
Start importing Assets/ADG_Textures/walls_vol1/wall07/wall07b.mat using Guid(d3b1829a6d5883c40bc3bbce8b2ba6ed) Importer(815301076,1909f56bfc062723c751e8b465ee728b)  -> (artifact id: '6640ed74870cef3940887710a81b15e6') in 0.077093 seconds 
  Import took 0.108474 seconds .

========================================================================
Received Prepare
Refreshing native plugins compatible for Editor in 4.03 ms, found 2 plugins.
Preloading 0 native plugins for Editor in 0.00 ms.
Unloading 12 Unused Serialized files (Serialized files now loaded: 0)
System memory in use before: 44.0 MB.
System memory in use after: 44.2 MB.

Unloading 12 unused Assets to reduce memory usage. Loaded Objects now: 1975.
Total: 4.624700 ms (FindLiveObjects: 0.163400 ms CreateObjectMapping: 0.059000 ms MarkObjects: 4.380600 ms  DeleteObjects: 0.020500 ms)

AssetImportParameters requested are different than current active one (requested -> active):
  custom:framework-win-MediaFoundation: 216162199b28c13a410421893ffa2e32 -> 
  custom:video-decoder-ogg-theora: a1e56fd34408186e4bbccfd4996cb3dc -> 
  custom:container-muxer-webm: aa71ff27fc2769a1b78a27578f13a17b -> 
  custom:container-demuxer-webm: 4f35f7cbe854078d1ac9338744f61a02 -> 
  custom:container-demuxer-ogg: 62fdf1f143b41e24485cea50d1cbac27 -> 
  custom:video-encoder-webm-vp8: eb34c28f22e8b96e1ab97ce403110664 -> 
  custom:video-decoder-webm-vp8: 9c59270c3fd7afecdb556c50c9e8de78 -> 
  custom:audio-decoder-ogg-vorbis: bf7c407c2cedff20999df2af8eb42d56 -> 
  custom:audio-encoder-webm-vorbis: bf7c407c2cedff20999df2af8eb42d56 -> 
========================================================================
Received Import Request.
  Time since last request: 38.406697 seconds.
  path: Assets/New Material 5.mat
  artifactKey: Guid(a86e448b619ab9440b3248ef3e374a23) Importer(815301076,1909f56bfc062723c751e8b465ee728b)
Start importing Assets/New Material 5.mat using Guid(a86e448b619ab9440b3248ef3e374a23) Importer(815301076,1909f56bfc062723c751e8b465ee728b)  -> (artifact id: 'b867e684b4e8d09d9a95314339b5f581') in 0.027139 seconds 
  Import took 0.030887 seconds .

========================================================================
Received Import Request.
  Time since last request: 36.936106 seconds.
  path: Assets/New Material 5.mat
  artifactKey: Guid(a86e448b619ab9440b3248ef3e374a23) Importer(815301076,1909f56bfc062723c751e8b465ee728b)
Start importing Assets/New Material 5.mat using Guid(a86e448b619ab9440b3248ef3e374a23) Importer(815301076,1909f56bfc062723c751e8b465ee728b)  -> (artifact id: '7899198b62333c9139bcd4e30940b47e') in 0.025704 seconds 
  Import took 0.334774 seconds .

AssetImportWorkerClient::OnTransportError - code=2 error=End of file
